[debug] [2023-05-08T01:04:55.760Z] ----------------------------------------------------------------------
[debug] [2023-05-08T01:04:55.760Z] Command:       /usr/local/bin/node /usr/local/bin/firebase init
[debug] [2023-05-08T01:04:55.761Z] CLI Version:   11.30.0
[debug] [2023-05-08T01:04:55.761Z] Platform:      darwin
[debug] [2023-05-08T01:04:55.761Z] Node Version:  v16.17.0
[debug] [2023-05-08T01:04:55.761Z] Time:          Sun May 07 2023 21:04:55 GMT-0400 (Eastern Daylight Time)
[debug] [2023-05-08T01:04:55.761Z] ----------------------------------------------------------------------
[debug] 
[debug] [2023-05-08T01:04:55.764Z] > command requires scopes: ["email","openid","https://www.googleapis.com/auth/cloudplatformprojects.readonly","https://www.googleapis.com/auth/firebase","https://www.googleapis.com/auth/cloud-platform"]
[debug] [2023-05-08T01:04:55.764Z] > authorizing via signed-in user (webhosting279@gmail.com)
[info] 
     ######## #### ########  ######## ########     ###     ######  ########
     ##        ##  ##     ## ##       ##     ##  ##   ##  ##       ##
     ######    ##  ########  ######   ########  #########  ######  ######
     ##        ##  ##    ##  ##       ##     ## ##     ##       ## ##
     ##       #### ##     ## ######## ########  ##     ##  ######  ########

You're about to initialize a Firebase project in this directory:

  /Users/neerajsharma/Neeraj_Learning/React/React_Course

[info] 
=== Project Setup
[info] 
[info] First, let's associate this project directory with a Firebase project.
[info] You can create multiple project aliases by running firebase use --add, 
[info] but for now we'll just set up a default project.
[info] 
[debug] [2023-05-08T01:05:08.268Z] >>> [apiv2][query] GET https://firebase.googleapis.com/v1beta1/projects pageSize=100
[debug] [2023-05-08T01:05:08.670Z] <<< [apiv2][status] GET https://firebase.googleapis.com/v1beta1/projects 200
[debug] [2023-05-08T01:05:08.670Z] <<< [apiv2][body] GET https://firebase.googleapis.com/v1beta1/projects [omitted]
