[debug] [2023-05-08T00:47:04.732Z] ----------------------------------------------------------------------
[debug] [2023-05-08T00:47:04.733Z] Command:       /usr/local/bin/node /usr/local/bin/firebase init
[debug] [2023-05-08T00:47:04.733Z] CLI Version:   11.30.0
[debug] [2023-05-08T00:47:04.733Z] Platform:      darwin
[debug] [2023-05-08T00:47:04.733Z] Node Version:  v16.17.0
[debug] [2023-05-08T00:47:04.734Z] Time:          Sun May 07 2023 20:47:04 GMT-0400 (Eastern Daylight Time)
[debug] [2023-05-08T00:47:04.734Z] ----------------------------------------------------------------------
[debug] 
[debug] [2023-05-08T00:47:04.737Z] > command requires scopes: ["email","openid","https://www.googleapis.com/auth/cloudplatformprojects.readonly","https://www.googleapis.com/auth/firebase","https://www.googleapis.com/auth/cloud-platform"]
[debug] [2023-05-08T00:47:04.737Z] > authorizing via signed-in user (webhosting279@gmail.com)
[info] 
     ######## #### ########  ######## ########     ###     ######  ########
     ##        ##  ##     ## ##       ##     ##  ##   ##  ##       ##
     ######    ##  ########  ######   ########  #########  ######  ######
     ##        ##  ##    ##  ##       ##     ## ##     ##       ## ##
     ##       #### ##     ## ######## ########  ##     ##  ######  ########

You're about to initialize a Firebase project in this directory:

  /Users/neerajsharma/Neeraj_Learning/React/React_Course/MovieFlix/netflix-build-youtube

[info] 
=== Project Setup
[info] 
[info] First, let's associate this project directory with a Firebase project.
[info] You can create multiple project aliases by running firebase use --add, 
[info] but for now we'll just set up a default project.
[info] 
[debug] [2023-05-08T00:47:22.733Z] >>> [apiv2][query] GET https://firebase.googleapis.com/v1beta1/projects pageSize=100
[debug] [2023-05-08T00:47:23.071Z] <<< [apiv2][status] GET https://firebase.googleapis.com/v1beta1/projects 200
[debug] [2023-05-08T00:47:23.071Z] <<< [apiv2][body] GET https://firebase.googleapis.com/v1beta1/projects [omitted]
[debug] [2023-05-08T00:47:38.746Z] ----------------------------------------------------------------------
[debug] [2023-05-08T00:47:38.747Z] Command:       /usr/local/bin/node /usr/local/bin/firebase init
[debug] [2023-05-08T00:47:38.747Z] CLI Version:   11.30.0
[debug] [2023-05-08T00:47:38.747Z] Platform:      darwin
[debug] [2023-05-08T00:47:38.747Z] Node Version:  v16.17.0
[debug] [2023-05-08T00:47:38.748Z] Time:          Sun May 07 2023 20:47:38 GMT-0400 (Eastern Daylight Time)
[debug] [2023-05-08T00:47:38.748Z] ----------------------------------------------------------------------
[debug] 
[debug] [2023-05-08T00:47:38.751Z] > command requires scopes: ["email","openid","https://www.googleapis.com/auth/cloudplatformprojects.readonly","https://www.googleapis.com/auth/firebase","https://www.googleapis.com/auth/cloud-platform"]
[debug] [2023-05-08T00:47:38.751Z] > authorizing via signed-in user (webhosting279@gmail.com)
[info] 
     ######## #### ########  ######## ########     ###     ######  ########
     ##        ##  ##     ## ##       ##     ##  ##   ##  ##       ##
     ######    ##  ########  ######   ########  #########  ######  ######
     ##        ##  ##    ##  ##       ##     ## ##     ##       ## ##
     ##       #### ##     ## ######## ########  ##     ##  ######  ########

You're about to initialize a Firebase project in this directory:

  /Users/neerajsharma/Neeraj_Learning/React/React_Course/MovieFlix/netflix-build-youtube

[info] 
=== Project Setup
[info] 
[info] First, let's associate this project directory with a Firebase project.
[info] You can create multiple project aliases by running firebase use --add, 
[info] but for now we'll just set up a default project.
[info] 
[debug] [2023-05-08T00:49:29.026Z] >>> [apiv2][query] GET https://firebase.googleapis.com/v1beta1/projects pageSize=100
[debug] [2023-05-08T00:49:29.452Z] <<< [apiv2][status] GET https://firebase.googleapis.com/v1beta1/projects 200
[debug] [2023-05-08T00:49:29.452Z] <<< [apiv2][body] GET https://firebase.googleapis.com/v1beta1/projects [omitted]
